<?xml version="1.0" encoding="UTF-8"?>
<testng-results ignored="0" total="6" passed="6" failed="0" skipped="0">
  <reporter-output>
  </reporter-output>
  <suite started-at="2026-06-18T17:57:36 IST" name="Urban E2E Suite" finished-at="2026-06-18T17:58:28 IST" duration-ms="51790">
    <groups>
    </groups>
    <test started-at="2026-06-18T17:57:36 IST" name="Register and Login Tests" finished-at="2026-06-18T17:58:28 IST" duration-ms="51790">
      <class name="com.urban.e2e.tests.ProviderProfileCreationTest">
        <test-method is-config="true" signature="setUp()[pri:0, instance:com.urban.e2e.tests.ProviderProfileCreationTest@2f112965]" started-at="2026-06-18T17:58:21 IST" name="setUp" finished-at="2026-06-18T17:58:22 IST" duration-ms="605" status="PASS">
          <reporter-output>
          </reporter-output>
        </test-method> <!-- setUp -->
        <test-method signature="testProviderProfileCreation()[pri:0, instance:com.urban.e2e.tests.ProviderProfileCreationTest@2f112965]" started-at="2026-06-18T17:58:22 IST" name="testProviderProfileCreation" finished-at="2026-06-18T17:58:25 IST" duration-ms="2911" status="PASS">
          <reporter-output>
          </reporter-output>
        </test-method> <!-- testProviderProfileCreation -->
        <test-method is-config="true" signature="captureFailureArtifacts(org.testng.ITestResult)[pri:0, instance:com.urban.e2e.tests.ProviderProfileCreationTest@2f112965]" started-at="2026-06-18T17:58:25 IST" name="captureFailureArtifacts" finished-at="2026-06-18T17:58:25 IST" duration-ms="0" status="PASS">
          <params>
            <param index="0">
              <value>
                <![CDATA[[TestResult name=testProviderProfileCreation status=SUCCESS method=ProviderProfileCreationTest.testProviderProfileCreation()[pri:0, instance:com.urban.e2e.tests.ProviderProfileCreationTest@2f112965] output={null}]]]>
              </value>
            </param>
          </params>
          <reporter-output>
          </reporter-output>
        </test-method> <!-- captureFailureArtifacts -->
        <test-method is-config="true" signature="tearDown()[pri:0, instance:com.urban.e2e.tests.ProviderProfileCreationTest@2f112965]" started-at="2026-06-18T17:58:25 IST" name="tearDown" finished-at="2026-06-18T17:58:28 IST" duration-ms="3334" status="PASS">
          <reporter-output>
          </reporter-output>
        </test-method> <!-- tearDown -->
      </class> <!-- com.urban.e2e.tests.ProviderProfileCreationTest -->
      <class name="com.urban.e2e.tests.ServiceNavigationTest">
        <test-method is-config="true" signature="setUp()[pri:0, instance:com.urban.e2e.tests.ServiceNavigationTest@6dbb137d]" started-at="2026-06-18T17:57:57 IST" name="setUp" finished-at="2026-06-18T17:57:58 IST" duration-ms="807" status="PASS">
          <reporter-output>
          </reporter-output>
        </test-method> <!-- setUp -->
        <test-method signature="testServiceNavigation()[pri:0, instance:com.urban.e2e.tests.ServiceNavigationTest@6dbb137d]" started-at="2026-06-18T17:57:58 IST" name="testServiceNavigation" finished-at="2026-06-18T17:57:58 IST" duration-ms="756" status="PASS">
          <reporter-output>
          </reporter-output>
        </test-method> <!-- testServiceNavigation -->
        <test-method is-config="true" signature="captureFailureArtifacts(org.testng.ITestResult)[pri:0, instance:com.urban.e2e.tests.ServiceNavigationTest@6dbb137d]" started-at="2026-06-18T17:57:58 IST" name="captureFailureArtifacts" finished-at="2026-06-18T17:57:58 IST" duration-ms="0" status="PASS">
          <params>
            <param index="0">
              <value>
                <![CDATA[[TestResult name=testServiceNavigation status=SUCCESS method=ServiceNavigationTest.testServiceNavigation()[pri:0, instance:com.urban.e2e.tests.ServiceNavigationTest@6dbb137d] output={null}]]]>
              </value>
            </param>
          </params>
          <reporter-output>
          </reporter-output>
        </test-method> <!-- captureFailureArtifacts -->
        <test-method is-config="true" signature="tearDown()[pri:0, instance:com.urban.e2e.tests.ServiceNavigationTest@6dbb137d]" started-at="2026-06-18T17:57:58 IST" name="tearDown" finished-at="2026-06-18T17:58:01 IST" duration-ms="3110" status="PASS">
          <reporter-output>
          </reporter-output>
        </test-method> <!-- tearDown -->
      </class> <!-- com.urban.e2e.tests.ServiceNavigationTest -->
      <class name="com.urban.e2e.tests.BookingValidationTest">
        <test-method is-config="true" signature="setUp()[pri:0, instance:com.urban.e2e.tests.BookingValidationTest@43301423]" started-at="2026-06-18T17:58:14 IST" name="setUp" finished-at="2026-06-18T17:58:14 IST" duration-ms="843" status="PASS">
          <reporter-output>
          </reporter-output>
        </test-method> <!-- setUp -->
        <test-method signature="testBookingFormValidation()[pri:0, instance:com.urban.e2e.tests.BookingValidationTest@43301423]" started-at="2026-06-18T17:58:14 IST" name="testBookingFormValidation" finished-at="2026-06-18T17:58:18 IST" duration-ms="3848" status="PASS">
          <reporter-output>
          </reporter-output>
        </test-method> <!-- testBookingFormValidation -->
        <test-method is-config="true" signature="captureFailureArtifacts(org.testng.ITestResult)[pri:0, instance:com.urban.e2e.tests.BookingValidationTest@43301423]" started-at="2026-06-18T17:58:18 IST" name="captureFailureArtifacts" finished-at="2026-06-18T17:58:18 IST" duration-ms="0" status="PASS">
          <params>
            <param index="0">
              <value>
                <![CDATA[[TestResult name=testBookingFormValidation status=SUCCESS method=BookingValidationTest.testBookingFormValidation()[pri:0, instance:com.urban.e2e.tests.BookingValidationTest@43301423] output={null}]]]>
              </value>
            </param>
          </params>
          <reporter-output>
          </reporter-output>
        </test-method> <!-- captureFailureArtifacts -->
        <test-method is-config="true" signature="tearDown()[pri:0, instance:com.urban.e2e.tests.BookingValidationTest@43301423]" started-at="2026-06-18T17:58:18 IST" name="tearDown" finished-at="2026-06-18T17:58:21 IST" duration-ms="3129" status="PASS">
          <reporter-output>
          </reporter-output>
        </test-method> <!-- tearDown -->
      </class> <!-- com.urban.e2e.tests.BookingValidationTest -->
      <class name="com.urban.e2e.tests.BookingE2ETest">
        <test-method is-config="true" signature="setUp()[pri:0, instance:com.urban.e2e.tests.BookingE2ETest@3c9d0b9d]" started-at="2026-06-18T17:58:01 IST" name="setUp" finished-at="2026-06-18T17:58:02 IST" duration-ms="595" status="PASS">
          <reporter-output>
          </reporter-output>
        </test-method> <!-- setUp -->
        <test-method signature="testBookingE2E()[pri:0, instance:com.urban.e2e.tests.BookingE2ETest@3c9d0b9d]" started-at="2026-06-18T17:58:02 IST" name="testBookingE2E" finished-at="2026-06-18T17:58:10 IST" duration-ms="8425" status="PASS">
          <reporter-output>
          </reporter-output>
        </test-method> <!-- testBookingE2E -->
        <test-method is-config="true" signature="captureFailureArtifacts(org.testng.ITestResult)[pri:0, instance:com.urban.e2e.tests.BookingE2ETest@3c9d0b9d]" started-at="2026-06-18T17:58:10 IST" name="captureFailureArtifacts" finished-at="2026-06-18T17:58:10 IST" duration-ms="1" status="PASS">
          <params>
            <param index="0">
              <value>
                <![CDATA[[TestResult name=testBookingE2E status=SUCCESS method=BookingE2ETest.testBookingE2E()[pri:0, instance:com.urban.e2e.tests.BookingE2ETest@3c9d0b9d] output={null}]]]>
              </value>
            </param>
          </params>
          <reporter-output>
          </reporter-output>
        </test-method> <!-- captureFailureArtifacts -->
        <test-method is-config="true" signature="tearDown()[pri:0, instance:com.urban.e2e.tests.BookingE2ETest@3c9d0b9d]" started-at="2026-06-18T17:58:10 IST" name="tearDown" finished-at="2026-06-18T17:58:14 IST" duration-ms="3107" status="PASS">
          <reporter-output>
          </reporter-output>
        </test-method> <!-- tearDown -->
      </class> <!-- com.urban.e2e.tests.BookingE2ETest -->
      <class name="com.urban.e2e.tests.RegisterTest">
        <test-method is-config="true" signature="setUp()[pri:0, instance:com.urban.e2e.tests.RegisterTest@18ce0030]" started-at="2026-06-18T17:57:36 IST" name="setUp" finished-at="2026-06-18T17:57:39 IST" duration-ms="2417" status="PASS">
          <reporter-output>
          </reporter-output>
        </test-method> <!-- setUp -->
        <test-method signature="testRegister()[pri:0, instance:com.urban.e2e.tests.RegisterTest@18ce0030]" started-at="2026-06-18T17:57:39 IST" name="testRegister" finished-at="2026-06-18T17:57:42 IST" duration-ms="3342" status="PASS">
          <reporter-output>
          </reporter-output>
        </test-method> <!-- testRegister -->
        <test-method is-config="true" signature="captureFailureArtifacts(org.testng.ITestResult)[pri:0, instance:com.urban.e2e.tests.RegisterTest@18ce0030]" started-at="2026-06-18T17:57:42 IST" name="captureFailureArtifacts" finished-at="2026-06-18T17:57:42 IST" duration-ms="1" status="PASS">
          <params>
            <param index="0">
              <value>
                <![CDATA[[TestResult name=testRegister status=SUCCESS method=RegisterTest.testRegister()[pri:0, instance:com.urban.e2e.tests.RegisterTest@18ce0030] output={null}]]]>
              </value>
            </param>
          </params>
          <reporter-output>
          </reporter-output>
        </test-method> <!-- captureFailureArtifacts -->
        <test-method is-config="true" signature="tearDown()[pri:0, instance:com.urban.e2e.tests.RegisterTest@18ce0030]" started-at="2026-06-18T17:57:42 IST" name="tearDown" finished-at="2026-06-18T17:57:45 IST" duration-ms="3124" status="PASS">
          <reporter-output>
          </reporter-output>
        </test-method> <!-- tearDown -->
      </class> <!-- com.urban.e2e.tests.RegisterTest -->
      <class name="com.urban.e2e.tests.LoginTest">
        <test-method is-config="true" signature="setUp()[pri:0, instance:com.urban.e2e.tests.LoginTest@318ba8c8]" started-at="2026-06-18T17:57:45 IST" name="setUp" finished-at="2026-06-18T17:57:46 IST" duration-ms="771" status="PASS">
          <reporter-output>
          </reporter-output>
        </test-method> <!-- setUp -->
        <test-method signature="testLogin()[pri:0, instance:com.urban.e2e.tests.LoginTest@318ba8c8]" started-at="2026-06-18T17:57:46 IST" name="testLogin" finished-at="2026-06-18T17:57:54 IST" duration-ms="7495" status="PASS">
          <reporter-output>
          </reporter-output>
        </test-method> <!-- testLogin -->
        <test-method is-config="true" signature="captureFailureArtifacts(org.testng.ITestResult)[pri:0, instance:com.urban.e2e.tests.LoginTest@318ba8c8]" started-at="2026-06-18T17:57:54 IST" name="captureFailureArtifacts" finished-at="2026-06-18T17:57:54 IST" duration-ms="1" status="PASS">
          <params>
            <param index="0">
              <value>
                <![CDATA[[TestResult name=testLogin status=SUCCESS method=LoginTest.testLogin()[pri:0, instance:com.urban.e2e.tests.LoginTest@318ba8c8] output={null}]]]>
              </value>
            </param>
          </params>
          <reporter-output>
          </reporter-output>
        </test-method> <!-- captureFailureArtifacts -->
        <test-method is-config="true" signature="tearDown()[pri:0, instance:com.urban.e2e.tests.LoginTest@318ba8c8]" started-at="2026-06-18T17:57:54 IST" name="tearDown" finished-at="2026-06-18T17:57:57 IST" duration-ms="3136" status="PASS">
          <reporter-output>
          </reporter-output>
        </test-method> <!-- tearDown -->
      </class> <!-- com.urban.e2e.tests.LoginTest -->
    </test> <!-- Register and Login Tests -->
  </suite> <!-- Urban E2E Suite -->
</testng-results>
