<?xml version="1.0" encoding="UTF-8"?>
<!-- Generated by org.testng.reporters.JUnitXMLReporter -->
<testsuite ignored="0" hostname="Areebs-MacBook-Air.local" failures="0" tests="2" name="Register and Login Tests" time="16.122" errors="0" timestamp="2026-06-14T03:47:50 IST">
  <testcase classname="com.urban.e2e.tests.RegisterTest" name="testRegister" time="0.837"/>
  <testcase classname="com.urban.e2e.tests.LoginTest" name="testLogin" time="7.096"/>
</testsuite> <!-- Register and Login Tests -->
