<?xml version="1.0" encoding="UTF-8"?>
<!-- Generated by org.testng.reporters.JUnitXMLReporter -->
<testsuite ignored="0" hostname="Areebs-MacBook-Air.local" failures="0" tests="6" name="Register and Login Tests" time="51.79" errors="0" timestamp="2026-06-18T17:58:28 IST">
  <testcase classname="com.urban.e2e.tests.RegisterTest" name="testRegister" time="3.342"/>
  <testcase classname="com.urban.e2e.tests.LoginTest" name="testLogin" time="7.495"/>
  <testcase classname="com.urban.e2e.tests.ServiceNavigationTest" name="testServiceNavigation" time="0.756"/>
  <testcase classname="com.urban.e2e.tests.BookingE2ETest" name="testBookingE2E" time="8.425"/>
  <testcase classname="com.urban.e2e.tests.BookingValidationTest" name="testBookingFormValidation" time="3.848"/>
  <testcase classname="com.urban.e2e.tests.ProviderProfileCreationTest" name="testProviderProfileCreation" time="2.911"/>
</testsuite> <!-- Register and Login Tests -->
